[0.067s] Invoking command in '/home/hephaestus/ros2_ws/src/diy_soft_gripper_description/build/diy_soft_gripper_description': CMAKE_PREFIX_PATH=/opt/ros/humble /usr/bin/cmake /home/hephaestus/ros2_ws/src/diy_soft_gripper_description -DCMAKE_INSTALL_PREFIX=/home/hephaestus/ros2_ws/src/diy_soft_gripper_description/install/diy_soft_gripper_description
[0.201s] -- The C compiler identification is GNU 11.4.0
[0.332s] -- The CXX compiler identification is GNU 11.4.0
[0.344s] -- Detecting C compiler ABI info
[0.465s] -- Detecting C compiler ABI info - done
[0.475s] -- Check for working C compiler: /usr/bin/cc - skipped
[0.475s] -- Detecting C compile features
[0.476s] -- Detecting C compile features - done
[0.481s] -- Detecting CXX compiler ABI info
[0.618s] -- Detecting CXX compiler ABI info - done
[0.632s] -- Check for working CXX compiler: /usr/bin/c++ - skipped
[0.633s] -- Detecting CXX compile features
[0.634s] -- Detecting CXX compile features - done
[0.641s] -- Found ament_cmake: 1.3.6 (/opt/ros/humble/share/ament_cmake/cmake)
[0.899s] -- Found Python3: /usr/bin/python3.10 (found version "3.10.12") found components: Interpreter 
[1.095s] [31mCMake Error at CMakeLists.txt:10 (find_package):
[1.095s]   By not providing "Findxacro.cmake" in CMAKE_MODULE_PATH this project has
[1.096s]   asked CMake to find a package configuration file provided by "xacro", but
[1.096s]   CMake did not find one.
[1.096s] 
[1.096s]   Could not find a package configuration file provided by "xacro" with any of
[1.096s]   the following names:
[1.097s] 
[1.097s]     xacroConfig.cmake
[1.097s]     xacro-config.cmake
[1.097s] 
[1.097s]   Add the installation prefix of "xacro" to CMAKE_PREFIX_PATH or set
[1.098s]   "xacro_DIR" to a directory containing one of the above files.  If "xacro"
[1.098s]   provides a separate development package or SDK, be sure it has been
[1.098s]   installed.
[1.098s] 
[1.098s] [0m
[1.099s] -- Configuring incomplete, errors occurred!
[1.099s] See also "/home/hephaestus/ros2_ws/src/diy_soft_gripper_description/build/diy_soft_gripper_description/CMakeFiles/CMakeOutput.log".
[1.105s] Invoked command in '/home/hephaestus/ros2_ws/src/diy_soft_gripper_description/build/diy_soft_gripper_description' returned '1': CMAKE_PREFIX_PATH=/opt/ros/humble /usr/bin/cmake /home/hephaestus/ros2_ws/src/diy_soft_gripper_description -DCMAKE_INSTALL_PREFIX=/home/hephaestus/ros2_ws/src/diy_soft_gripper_description/install/diy_soft_gripper_description
