[0.083s] Invoking command in '/home/hephaestus/ros2_ws/src/diy_soft_gripper_description/build/diy_soft_gripper_description': CMAKE_PREFIX_PATH=${CMAKE_PREFIX_PATH}:/opt/ros/humble /usr/bin/cmake --build /home/hephaestus/ros2_ws/src/diy_soft_gripper_description/build/diy_soft_gripper_description -- -j8 -l8
[0.159s] Invoked command in '/home/hephaestus/ros2_ws/src/diy_soft_gripper_description/build/diy_soft_gripper_description' returned '0': CMAKE_PREFIX_PATH=${CMAKE_PREFIX_PATH}:/opt/ros/humble /usr/bin/cmake --build /home/hephaestus/ros2_ws/src/diy_soft_gripper_description/build/diy_soft_gripper_description -- -j8 -l8
[0.233s] Invoking command in '/home/hephaestus/ros2_ws/src/diy_soft_gripper_description/build/diy_soft_gripper_description': CMAKE_PREFIX_PATH=${CMAKE_PREFIX_PATH}:/opt/ros/humble /usr/bin/cmake --install /home/hephaestus/ros2_ws/src/diy_soft_gripper_description/build/diy_soft_gripper_description
[0.243s] -- Install configuration: ""
[0.244s] -- Up-to-date: /home/hephaestus/ros2_ws/src/diy_soft_gripper_description/install/diy_soft_gripper_description/share/diy_soft_gripper_description//urdf
[0.244s] -- Installing: /home/hephaestus/ros2_ws/src/diy_soft_gripper_description/install/diy_soft_gripper_description/share/diy_soft_gripper_description//urdf/diy_gripper_macro.urdf.xacro
[0.244s] -- Up-to-date: /home/hephaestus/ros2_ws/src/diy_soft_gripper_description/install/diy_soft_gripper_description/share/diy_soft_gripper_description//urdf/materials.urdf.xacro
[0.245s] -- Up-to-date: /home/hephaestus/ros2_ws/src/diy_soft_gripper_description/install/diy_soft_gripper_description/share/diy_soft_gripper_description//urdf/diy_gripper_model.urdf.xacro
[0.245s] -- Up-to-date: /home/hephaestus/ros2_ws/src/diy_soft_gripper_description/install/diy_soft_gripper_description/share/diy_soft_gripper_description//urdf/diy_gripper_transmissions.urdf.xacro
[0.245s] -- Up-to-date: /home/hephaestus/ros2_ws/src/diy_soft_gripper_description/install/diy_soft_gripper_description/share/diy_soft_gripper_description//launch
[0.246s] -- Up-to-date: /home/hephaestus/ros2_ws/src/diy_soft_gripper_description/install/diy_soft_gripper_description/share/diy_soft_gripper_description//launch/visualize.launch.py
[0.246s] -- Up-to-date: /home/hephaestus/ros2_ws/src/diy_soft_gripper_description/install/diy_soft_gripper_description/share/diy_soft_gripper_description//meshes
[0.246s] -- Up-to-date: /home/hephaestus/ros2_ws/src/diy_soft_gripper_description/install/diy_soft_gripper_description/share/diy_soft_gripper_description//meshes/collision
[0.246s] -- Up-to-date: /home/hephaestus/ros2_ws/src/diy_soft_gripper_description/install/diy_soft_gripper_description/share/diy_soft_gripper_description//meshes/visual
[0.247s] -- Up-to-date: /home/hephaestus/ros2_ws/src/diy_soft_gripper_description/install/diy_soft_gripper_description/share/diy_soft_gripper_description//meshes/visual/base_link.stl
[0.247s] -- Up-to-date: /home/hephaestus/ros2_ws/src/diy_soft_gripper_description/install/diy_soft_gripper_description/share/diy_soft_gripper_description//meshes/visual/soft_finger.stl
[0.247s] -- Up-to-date: /home/hephaestus/ros2_ws/src/diy_soft_gripper_description/install/diy_soft_gripper_description/share/diy_soft_gripper_description//rviz
[0.247s] -- Up-to-date: /home/hephaestus/ros2_ws/src/diy_soft_gripper_description/install/diy_soft_gripper_description/share/diy_soft_gripper_description//rviz/rviz_config.rviz
[0.248s] -- Up-to-date: /home/hephaestus/ros2_ws/src/diy_soft_gripper_description/install/diy_soft_gripper_description/share/ament_index/resource_index/package_run_dependencies/diy_soft_gripper_description
[0.248s] -- Up-to-date: /home/hephaestus/ros2_ws/src/diy_soft_gripper_description/install/diy_soft_gripper_description/share/ament_index/resource_index/parent_prefix_path/diy_soft_gripper_description
[0.249s] -- Up-to-date: /home/hephaestus/ros2_ws/src/diy_soft_gripper_description/install/diy_soft_gripper_description/share/diy_soft_gripper_description/environment/ament_prefix_path.sh
[0.249s] -- Up-to-date: /home/hephaestus/ros2_ws/src/diy_soft_gripper_description/install/diy_soft_gripper_description/share/diy_soft_gripper_description/environment/ament_prefix_path.dsv
[0.250s] -- Up-to-date: /home/hephaestus/ros2_ws/src/diy_soft_gripper_description/install/diy_soft_gripper_description/share/diy_soft_gripper_description/environment/path.sh
[0.250s] -- Up-to-date: /home/hephaestus/ros2_ws/src/diy_soft_gripper_description/install/diy_soft_gripper_description/share/diy_soft_gripper_description/environment/path.dsv
[0.251s] -- Up-to-date: /home/hephaestus/ros2_ws/src/diy_soft_gripper_description/install/diy_soft_gripper_description/share/diy_soft_gripper_description/local_setup.bash
[0.251s] -- Up-to-date: /home/hephaestus/ros2_ws/src/diy_soft_gripper_description/install/diy_soft_gripper_description/share/diy_soft_gripper_description/local_setup.sh
[0.252s] -- Up-to-date: /home/hephaestus/ros2_ws/src/diy_soft_gripper_description/install/diy_soft_gripper_description/share/diy_soft_gripper_description/local_setup.zsh
[0.252s] -- Up-to-date: /home/hephaestus/ros2_ws/src/diy_soft_gripper_description/install/diy_soft_gripper_description/share/diy_soft_gripper_description/local_setup.dsv
[0.253s] -- Installing: /home/hephaestus/ros2_ws/src/diy_soft_gripper_description/install/diy_soft_gripper_description/share/diy_soft_gripper_description/package.dsv
[0.253s] -- Up-to-date: /home/hephaestus/ros2_ws/src/diy_soft_gripper_description/install/diy_soft_gripper_description/share/ament_index/resource_index/packages/diy_soft_gripper_description
[0.253s] -- Up-to-date: /home/hephaestus/ros2_ws/src/diy_soft_gripper_description/install/diy_soft_gripper_description/share/diy_soft_gripper_description/cmake/diy_soft_gripper_descriptionConfig.cmake
[0.253s] -- Up-to-date: /home/hephaestus/ros2_ws/src/diy_soft_gripper_description/install/diy_soft_gripper_description/share/diy_soft_gripper_description/cmake/diy_soft_gripper_descriptionConfig-version.cmake
[0.254s] -- Up-to-date: /home/hephaestus/ros2_ws/src/diy_soft_gripper_description/install/diy_soft_gripper_description/share/diy_soft_gripper_description/package.xml
[0.254s] Invoked command in '/home/hephaestus/ros2_ws/src/diy_soft_gripper_description/build/diy_soft_gripper_description' returned '0': CMAKE_PREFIX_PATH=${CMAKE_PREFIX_PATH}:/opt/ros/humble /usr/bin/cmake --install /home/hephaestus/ros2_ws/src/diy_soft_gripper_description/build/diy_soft_gripper_description
