[0.072s] Invoking command in '/home/hephaestus/ros2_ws/src/diy_soft_gripper_description/build/diy_soft_gripper_description': CMAKE_PREFIX_PATH=/opt/ros/humble /usr/bin/cmake /home/hephaestus/ros2_ws/src/diy_soft_gripper_description -DCMAKE_INSTALL_PREFIX=/home/hephaestus/ros2_ws/src/diy_soft_gripper_description/install/diy_soft_gripper_description
[0.109s] -- Found ament_cmake: 1.3.6 (/opt/ros/humble/share/ament_cmake/cmake)
[0.407s] [31mCMake Error at CMakeLists.txt:10 (find_package):
[0.407s]   By not providing "Findxacro.cmake" in CMAKE_MODULE_PATH this project has
[0.407s]   asked CMake to find a package configuration file provided by "xacro", but
[0.407s]   CMake did not find one.
[0.408s] 
[0.408s]   Could not find a package configuration file provided by "xacro" with any of
[0.408s]   the following names:
[0.408s] 
[0.409s]     xacroConfig.cmake
[0.409s]     xacro-config.cmake
[0.409s] 
[0.409s]   Add the installation prefix of "xacro" to CMAKE_PREFIX_PATH or set
[0.409s]   "xacro_DIR" to a directory containing one of the above files.  If "xacro"
[0.410s]   provides a separate development package or SDK, be sure it has been
[0.410s]   installed.
[0.410s] 
[0.410s] [0m
[0.410s] -- Configuring incomplete, errors occurred!
[0.410s] See also "/home/hephaestus/ros2_ws/src/diy_soft_gripper_description/build/diy_soft_gripper_description/CMakeFiles/CMakeOutput.log".
[0.412s] Invoked command in '/home/hephaestus/ros2_ws/src/diy_soft_gripper_description/build/diy_soft_gripper_description' returned '1': CMAKE_PREFIX_PATH=/opt/ros/humble /usr/bin/cmake /home/hephaestus/ros2_ws/src/diy_soft_gripper_description -DCMAKE_INSTALL_PREFIX=/home/hephaestus/ros2_ws/src/diy_soft_gripper_description/install/diy_soft_gripper_description
