[1.263s] DEBUG:colcon:Command line arguments: ['/usr/bin/colcon', 'build']
[1.263s] DEBUG:colcon:Parsed command line arguments: Namespace(log_base=None, log_level=None, verb_name='build', build_base='build', install_base='install', merge_install=False, symlink_install=False, test_result_base=None, continue_on_error=False, executor='parallel', parallel_workers=8, event_handlers=None, ignore_user_meta=False, metas=['./colcon.meta'], base_paths=['.'], packages_ignore=None, packages_ignore_regex=None, paths=None, packages_up_to=None, packages_up_to_regex=None, packages_above=None, packages_above_and_dependencies=None, packages_above_depth=None, packages_select_by_dep=None, packages_skip_by_dep=None, packages_skip_up_to=None, packages_select_build_failed=False, packages_skip_build_finished=False, packages_select_test_failures=False, packages_skip_test_passed=False, packages_select=None, packages_skip=None, packages_select_regex=None, packages_skip_regex=None, packages_start=None, packages_end=None, cmake_args=None, cmake_target=None, cmake_target_skip_unavailable=False, cmake_clean_cache=False, cmake_clean_first=False, cmake_force_configure=False, ament_cmake_args=None, catkin_cmake_args=None, catkin_skip_building_tests=False, mixin_files=None, mixin=None, verb_parser=<colcon_mixin.mixin.mixin_argument.MixinArgumentDecorator object at 0x7f22772dc340>, verb_extension=<colcon_core.verb.build.BuildVerb object at 0x7f2277717910>, main=<bound method BuildVerb.main of <colcon_core.verb.build.BuildVerb object at 0x7f2277717910>>, mixin_verb=('build',))
[1.310s] Level 1:colcon.colcon_core.package_discovery:discover_packages(colcon_meta) check parameters
[1.311s] Level 1:colcon.colcon_core.package_discovery:discover_packages(recursive) check parameters
[1.311s] Level 1:colcon.colcon_core.package_discovery:discover_packages(ignore) check parameters
[1.311s] Level 1:colcon.colcon_core.package_discovery:discover_packages(path) check parameters
[1.311s] Level 1:colcon.colcon_core.package_discovery:discover_packages(colcon_meta) discover
[1.311s] Level 1:colcon.colcon_core.package_discovery:discover_packages(recursive) discover
[1.311s] INFO:colcon.colcon_core.package_discovery:Crawling recursively for packages in '/home/hephaestus/ros2_ws/src/diy_soft_gripper_description'
[1.311s] Level 1:colcon.colcon_core.package_identification:_identify(.) by extensions ['ignore', 'ignore_ament_install']
[1.311s] Level 1:colcon.colcon_core.package_identification:_identify(.) by extension 'ignore'
[1.311s] Level 1:colcon.colcon_core.package_identification:_identify(.) by extension 'ignore_ament_install'
[1.311s] Level 1:colcon.colcon_core.package_identification:_identify(.) by extensions ['colcon_pkg']
[1.311s] Level 1:colcon.colcon_core.package_identification:_identify(.) by extension 'colcon_pkg'
[1.311s] Level 1:colcon.colcon_core.package_identification:_identify(.) by extensions ['colcon_meta']
[1.311s] Level 1:colcon.colcon_core.package_identification:_identify(.) by extension 'colcon_meta'
[1.311s] Level 1:colcon.colcon_core.package_identification:_identify(.) by extensions ['ros']
[1.312s] Level 1:colcon.colcon_core.package_identification:_identify(.) by extension 'ros'
[1.326s] DEBUG:colcon.colcon_core.package_identification:Package '.' with type 'ros.ament_cmake' and name 'diy_soft_gripper_description'
[1.326s] Level 1:colcon.colcon_core.package_discovery:discover_packages(recursive) using defaults
[1.326s] Level 1:colcon.colcon_core.package_discovery:discover_packages(ignore) discover
[1.326s] Level 1:colcon.colcon_core.package_discovery:discover_packages(ignore) using defaults
[1.326s] Level 1:colcon.colcon_core.package_discovery:discover_packages(path) discover
[1.326s] Level 1:colcon.colcon_core.package_discovery:discover_packages(path) using defaults
[1.406s] Level 5:colcon.colcon_core.verb:set package 'diy_soft_gripper_description' build argument 'cmake_args' from command line to 'None'
[1.406s] Level 5:colcon.colcon_core.verb:set package 'diy_soft_gripper_description' build argument 'cmake_target' from command line to 'None'
[1.406s] Level 5:colcon.colcon_core.verb:set package 'diy_soft_gripper_description' build argument 'cmake_target_skip_unavailable' from command line to 'False'
[1.406s] Level 5:colcon.colcon_core.verb:set package 'diy_soft_gripper_description' build argument 'cmake_clean_cache' from command line to 'False'
[1.406s] Level 5:colcon.colcon_core.verb:set package 'diy_soft_gripper_description' build argument 'cmake_clean_first' from command line to 'False'
[1.406s] Level 5:colcon.colcon_core.verb:set package 'diy_soft_gripper_description' build argument 'cmake_force_configure' from command line to 'False'
[1.407s] Level 5:colcon.colcon_core.verb:set package 'diy_soft_gripper_description' build argument 'ament_cmake_args' from command line to 'None'
[1.407s] Level 5:colcon.colcon_core.verb:set package 'diy_soft_gripper_description' build argument 'catkin_cmake_args' from command line to 'None'
[1.407s] Level 5:colcon.colcon_core.verb:set package 'diy_soft_gripper_description' build argument 'catkin_skip_building_tests' from command line to 'False'
[1.407s] DEBUG:colcon.colcon_core.verb:Building package 'diy_soft_gripper_description' with the following arguments: {'ament_cmake_args': None, 'build_base': '/home/hephaestus/ros2_ws/src/diy_soft_gripper_description/build/diy_soft_gripper_description', 'catkin_cmake_args': None, 'catkin_skip_building_tests': False, 'cmake_args': None, 'cmake_clean_cache': False, 'cmake_clean_first': False, 'cmake_force_configure': False, 'cmake_target': None, 'cmake_target_skip_unavailable': False, 'install_base': '/home/hephaestus/ros2_ws/src/diy_soft_gripper_description/install/diy_soft_gripper_description', 'merge_install': False, 'path': '/home/hephaestus/ros2_ws/src/diy_soft_gripper_description', 'symlink_install': False, 'test_result_base': None}
[1.420s] INFO:colcon.colcon_core.executor:Executing jobs using 'parallel' executor
[1.435s] DEBUG:colcon.colcon_parallel_executor.executor.parallel:run_until_complete
[1.435s] INFO:colcon.colcon_ros.task.ament_cmake.build:Building ROS package in '/home/hephaestus/ros2_ws/src/diy_soft_gripper_description' with build type 'ament_cmake'
[1.436s] INFO:colcon.colcon_cmake.task.cmake.build:Building CMake package in '/home/hephaestus/ros2_ws/src/diy_soft_gripper_description'
[1.455s] INFO:colcon.colcon_core.plugin_system:Skipping extension 'colcon_core.shell.bat': Not used on non-Windows systems
[1.456s] INFO:colcon.colcon_core.shell:Skip shell extension 'powershell' for command environment: Not usable outside of PowerShell
[1.456s] DEBUG:colcon.colcon_core.shell:Skip shell extension 'dsv' for command environment
[1.525s] DEBUG:colcon.colcon_core.event_handler.log_command:Invoking command in '/home/hephaestus/ros2_ws/src/diy_soft_gripper_description/build/diy_soft_gripper_description': CMAKE_PREFIX_PATH=${CMAKE_PREFIX_PATH}:/opt/ros/humble /usr/bin/cmake --build /home/hephaestus/ros2_ws/src/diy_soft_gripper_description/build/diy_soft_gripper_description -- -j8 -l8
[1.640s] DEBUG:colcon.colcon_core.event_handler.log_command:Invoked command in '/home/hephaestus/ros2_ws/src/diy_soft_gripper_description/build/diy_soft_gripper_description' returned '0': CMAKE_PREFIX_PATH=${CMAKE_PREFIX_PATH}:/opt/ros/humble /usr/bin/cmake --build /home/hephaestus/ros2_ws/src/diy_soft_gripper_description/build/diy_soft_gripper_description -- -j8 -l8
[1.711s] DEBUG:colcon.colcon_core.event_handler.log_command:Invoking command in '/home/hephaestus/ros2_ws/src/diy_soft_gripper_description/build/diy_soft_gripper_description': CMAKE_PREFIX_PATH=${CMAKE_PREFIX_PATH}:/opt/ros/humble /usr/bin/cmake --install /home/hephaestus/ros2_ws/src/diy_soft_gripper_description/build/diy_soft_gripper_description
[1.749s] Level 1:colcon.colcon_core.environment:create_environment_scripts_only(diy_soft_gripper_description)
[1.749s] DEBUG:colcon.colcon_core.event_handler.log_command:Invoked command in '/home/hephaestus/ros2_ws/src/diy_soft_gripper_description/build/diy_soft_gripper_description' returned '0': CMAKE_PREFIX_PATH=${CMAKE_PREFIX_PATH}:/opt/ros/humble /usr/bin/cmake --install /home/hephaestus/ros2_ws/src/diy_soft_gripper_description/build/diy_soft_gripper_description
[1.798s] Level 1:colcon.colcon_core.environment:checking '/home/hephaestus/ros2_ws/src/diy_soft_gripper_description/install/diy_soft_gripper_description' for CMake module files
[1.800s] Level 1:colcon.colcon_core.environment:checking '/home/hephaestus/ros2_ws/src/diy_soft_gripper_description/install/diy_soft_gripper_description' for CMake config files
[1.802s] Level 1:colcon.colcon_core.shell:create_environment_hook('diy_soft_gripper_description', 'cmake_prefix_path')
[1.834s] INFO:colcon.colcon_core.shell:Creating environment hook '/home/hephaestus/ros2_ws/src/diy_soft_gripper_description/install/diy_soft_gripper_description/share/diy_soft_gripper_description/hook/cmake_prefix_path.ps1'
[1.835s] INFO:colcon.colcon_core.shell:Creating environment descriptor '/home/hephaestus/ros2_ws/src/diy_soft_gripper_description/install/diy_soft_gripper_description/share/diy_soft_gripper_description/hook/cmake_prefix_path.dsv'
[1.836s] INFO:colcon.colcon_core.shell:Creating environment hook '/home/hephaestus/ros2_ws/src/diy_soft_gripper_description/install/diy_soft_gripper_description/share/diy_soft_gripper_description/hook/cmake_prefix_path.sh'
[1.837s] Level 1:colcon.colcon_core.environment:checking '/home/hephaestus/ros2_ws/src/diy_soft_gripper_description/install/diy_soft_gripper_description/bin'
[1.837s] Level 1:colcon.colcon_core.environment:checking '/home/hephaestus/ros2_ws/src/diy_soft_gripper_description/install/diy_soft_gripper_description/lib/pkgconfig/diy_soft_gripper_description.pc'
[1.839s] Level 1:colcon.colcon_core.environment:checking '/home/hephaestus/ros2_ws/src/diy_soft_gripper_description/install/diy_soft_gripper_description/lib/python3.10/site-packages'
[1.840s] Level 1:colcon.colcon_core.environment:checking '/home/hephaestus/ros2_ws/src/diy_soft_gripper_description/install/diy_soft_gripper_description/bin'
[1.856s] INFO:colcon.colcon_core.shell:Creating package script '/home/hephaestus/ros2_ws/src/diy_soft_gripper_description/install/diy_soft_gripper_description/share/diy_soft_gripper_description/package.ps1'
[1.858s] INFO:colcon.colcon_core.shell:Creating package descriptor '/home/hephaestus/ros2_ws/src/diy_soft_gripper_description/install/diy_soft_gripper_description/share/diy_soft_gripper_description/package.dsv'
[1.858s] INFO:colcon.colcon_core.shell:Creating package script '/home/hephaestus/ros2_ws/src/diy_soft_gripper_description/install/diy_soft_gripper_description/share/diy_soft_gripper_description/package.sh'
[1.859s] INFO:colcon.colcon_core.shell:Creating package script '/home/hephaestus/ros2_ws/src/diy_soft_gripper_description/install/diy_soft_gripper_description/share/diy_soft_gripper_description/package.bash'
[1.860s] INFO:colcon.colcon_core.shell:Creating package script '/home/hephaestus/ros2_ws/src/diy_soft_gripper_description/install/diy_soft_gripper_description/share/diy_soft_gripper_description/package.zsh'
[1.861s] Level 1:colcon.colcon_core.environment:create_file_with_runtime_dependencies(/home/hephaestus/ros2_ws/src/diy_soft_gripper_description/install/diy_soft_gripper_description/share/colcon-core/packages/diy_soft_gripper_description)
[1.938s] Level 1:colcon.colcon_core.environment:create_environment_scripts_only(diy_soft_gripper_description)
[1.960s] Level 1:colcon.colcon_core.environment:checking '/home/hephaestus/ros2_ws/src/diy_soft_gripper_description/install/diy_soft_gripper_description' for CMake module files
[1.961s] Level 1:colcon.colcon_core.environment:checking '/home/hephaestus/ros2_ws/src/diy_soft_gripper_description/install/diy_soft_gripper_description' for CMake config files
[1.962s] Level 1:colcon.colcon_core.shell:create_environment_hook('diy_soft_gripper_description', 'cmake_prefix_path')
[1.980s] INFO:colcon.colcon_core.shell:Creating environment hook '/home/hephaestus/ros2_ws/src/diy_soft_gripper_description/install/diy_soft_gripper_description/share/diy_soft_gripper_description/hook/cmake_prefix_path.ps1'
[1.981s] INFO:colcon.colcon_core.shell:Creating environment descriptor '/home/hephaestus/ros2_ws/src/diy_soft_gripper_description/install/diy_soft_gripper_description/share/diy_soft_gripper_description/hook/cmake_prefix_path.dsv'
[1.981s] INFO:colcon.colcon_core.shell:Creating environment hook '/home/hephaestus/ros2_ws/src/diy_soft_gripper_description/install/diy_soft_gripper_description/share/diy_soft_gripper_description/hook/cmake_prefix_path.sh'
[1.982s] Level 1:colcon.colcon_core.environment:checking '/home/hephaestus/ros2_ws/src/diy_soft_gripper_description/install/diy_soft_gripper_description/bin'
[1.982s] Level 1:colcon.colcon_core.environment:checking '/home/hephaestus/ros2_ws/src/diy_soft_gripper_description/install/diy_soft_gripper_description/lib/pkgconfig/diy_soft_gripper_description.pc'
[1.983s] Level 1:colcon.colcon_core.environment:checking '/home/hephaestus/ros2_ws/src/diy_soft_gripper_description/install/diy_soft_gripper_description/lib/python3.10/site-packages'
[1.983s] Level 1:colcon.colcon_core.environment:checking '/home/hephaestus/ros2_ws/src/diy_soft_gripper_description/install/diy_soft_gripper_description/bin'
[2.001s] INFO:colcon.colcon_core.shell:Creating package script '/home/hephaestus/ros2_ws/src/diy_soft_gripper_description/install/diy_soft_gripper_description/share/diy_soft_gripper_description/package.ps1'
[2.002s] INFO:colcon.colcon_core.shell:Creating package descriptor '/home/hephaestus/ros2_ws/src/diy_soft_gripper_description/install/diy_soft_gripper_description/share/diy_soft_gripper_description/package.dsv'
[2.003s] INFO:colcon.colcon_core.shell:Creating package script '/home/hephaestus/ros2_ws/src/diy_soft_gripper_description/install/diy_soft_gripper_description/share/diy_soft_gripper_description/package.sh'
[2.003s] INFO:colcon.colcon_core.shell:Creating package script '/home/hephaestus/ros2_ws/src/diy_soft_gripper_description/install/diy_soft_gripper_description/share/diy_soft_gripper_description/package.bash'
[2.004s] INFO:colcon.colcon_core.shell:Creating package script '/home/hephaestus/ros2_ws/src/diy_soft_gripper_description/install/diy_soft_gripper_description/share/diy_soft_gripper_description/package.zsh'
[2.004s] Level 1:colcon.colcon_core.environment:create_file_with_runtime_dependencies(/home/hephaestus/ros2_ws/src/diy_soft_gripper_description/install/diy_soft_gripper_description/share/colcon-core/packages/diy_soft_gripper_description)
[2.005s] DEBUG:colcon.colcon_parallel_executor.executor.parallel:closing loop
[2.005s] DEBUG:colcon.colcon_parallel_executor.executor.parallel:loop closed
[2.005s] DEBUG:colcon.colcon_parallel_executor.executor.parallel:run_until_complete finished with '0'
[2.005s] DEBUG:colcon.colcon_core.event_reactor:joining thread
[2.033s] INFO:colcon.colcon_core.plugin_system:Skipping extension 'colcon_notification.desktop_notification.notify_send': Could not find 'notify-send'
[2.033s] INFO:colcon.colcon_core.plugin_system:Skipping extension 'colcon_notification.desktop_notification.terminal_notifier': Not used on non-Darwin systems
[2.034s] INFO:colcon.colcon_core.plugin_system:Skipping extension 'colcon_notification.desktop_notification.win32': Not used on non-Windows systems
[2.034s] INFO:colcon.colcon_notification.desktop_notification:Sending desktop notification using 'notify2'
[2.040s] DEBUG:colcon.colcon_notification.desktop_notification.notify2:Failed to initialize notify2: org.freedesktop.DBus.Error.Spawn.ExecFailed: /usr/bin/dbus-launch terminated abnormally without any error message
[2.040s] DEBUG:colcon.colcon_core.event_reactor:joined thread
[2.058s] INFO:colcon.colcon_core.shell:Creating prefix script '/home/hephaestus/ros2_ws/src/diy_soft_gripper_description/install/local_setup.ps1'
[2.059s] INFO:colcon.colcon_core.shell:Creating prefix util module '/home/hephaestus/ros2_ws/src/diy_soft_gripper_description/install/_local_setup_util_ps1.py'
[2.061s] INFO:colcon.colcon_core.shell:Creating prefix chain script '/home/hephaestus/ros2_ws/src/diy_soft_gripper_description/install/setup.ps1'
[2.078s] INFO:colcon.colcon_core.shell:Creating prefix script '/home/hephaestus/ros2_ws/src/diy_soft_gripper_description/install/local_setup.sh'
[2.079s] INFO:colcon.colcon_core.shell:Creating prefix util module '/home/hephaestus/ros2_ws/src/diy_soft_gripper_description/install/_local_setup_util_sh.py'
[2.079s] INFO:colcon.colcon_core.shell:Creating prefix chain script '/home/hephaestus/ros2_ws/src/diy_soft_gripper_description/install/setup.sh'
[2.095s] INFO:colcon.colcon_core.shell:Creating prefix script '/home/hephaestus/ros2_ws/src/diy_soft_gripper_description/install/local_setup.bash'
[2.096s] INFO:colcon.colcon_core.shell:Creating prefix chain script '/home/hephaestus/ros2_ws/src/diy_soft_gripper_description/install/setup.bash'
[2.111s] INFO:colcon.colcon_core.shell:Creating prefix script '/home/hephaestus/ros2_ws/src/diy_soft_gripper_description/install/local_setup.zsh'
[2.112s] INFO:colcon.colcon_core.shell:Creating prefix chain script '/home/hephaestus/ros2_ws/src/diy_soft_gripper_description/install/setup.zsh'
