[0.070s] Invoking command in '/home/hephaestus/ros2_ws/src/diy_soft_gripper_description/build/diy_soft_gripper_description': CMAKE_PREFIX_PATH=/opt/ros/humble /usr/bin/cmake /home/hephaestus/ros2_ws/src/diy_soft_gripper_description -DCMAKE_INSTALL_PREFIX=/home/hephaestus/ros2_ws/src/diy_soft_gripper_description/install/diy_soft_gripper_description
[0.114s] -- Found ament_cmake: 1.3.6 (/opt/ros/humble/share/ament_cmake/cmake)
[0.328s] -- Found xacro: 2.0.8 (/opt/ros/humble/share/xacro/cmake)
[0.331s] -- Found ament_lint_auto: 0.12.9 (/opt/ros/humble/share/ament_lint_auto/cmake)
[0.522s] -- Added test 'cppcheck' to perform static code analysis on C / C++ code
[0.523s] -- Configured cppcheck include dirs: 
[0.523s] -- Configured cppcheck exclude dirs and/or files: 
[0.526s] -- Added test 'flake8' to check Python code syntax and style conventions
[0.532s] -- Added test 'lint_cmake' to check CMake code style
[0.536s] -- Added test 'pep257' to check Python code against some of the docstring style conventions in PEP 257
[0.558s] -- Added test 'uncrustify' to check C / C++ code style
[0.559s] -- Configured uncrustify additional arguments: 
[0.562s] -- Added test 'xmllint' to check XML markup files
[0.564s] -- Configuring done
[0.569s] -- Generating done
[0.571s] -- Build files have been written to: /home/hephaestus/ros2_ws/src/diy_soft_gripper_description/build/diy_soft_gripper_description
[0.575s] Invoked command in '/home/hephaestus/ros2_ws/src/diy_soft_gripper_description/build/diy_soft_gripper_description' returned '0': CMAKE_PREFIX_PATH=/opt/ros/humble /usr/bin/cmake /home/hephaestus/ros2_ws/src/diy_soft_gripper_description -DCMAKE_INSTALL_PREFIX=/home/hephaestus/ros2_ws/src/diy_soft_gripper_description/install/diy_soft_gripper_description
[0.579s] Invoking command in '/home/hephaestus/ros2_ws/src/diy_soft_gripper_description/build/diy_soft_gripper_description': CMAKE_PREFIX_PATH=/opt/ros/humble /usr/bin/cmake --build /home/hephaestus/ros2_ws/src/diy_soft_gripper_description/build/diy_soft_gripper_description -- -j8 -l8
[0.674s] Invoked command in '/home/hephaestus/ros2_ws/src/diy_soft_gripper_description/build/diy_soft_gripper_description' returned '0': CMAKE_PREFIX_PATH=/opt/ros/humble /usr/bin/cmake --build /home/hephaestus/ros2_ws/src/diy_soft_gripper_description/build/diy_soft_gripper_description -- -j8 -l8
[0.725s] Invoking command in '/home/hephaestus/ros2_ws/src/diy_soft_gripper_description/build/diy_soft_gripper_description': CMAKE_PREFIX_PATH=/opt/ros/humble /usr/bin/cmake --install /home/hephaestus/ros2_ws/src/diy_soft_gripper_description/build/diy_soft_gripper_description
[0.741s] -- Install configuration: ""
[0.741s] -- Installing: /home/hephaestus/ros2_ws/src/diy_soft_gripper_description/install/diy_soft_gripper_description/share/diy_soft_gripper_description//urdf
[0.741s] -- Installing: /home/hephaestus/ros2_ws/src/diy_soft_gripper_description/install/diy_soft_gripper_description/share/diy_soft_gripper_description//urdf/diy_gripper_macro.urdf.xacro
[0.741s] -- Installing: /home/hephaestus/ros2_ws/src/diy_soft_gripper_description/install/diy_soft_gripper_description/share/diy_soft_gripper_description//urdf/materials.urdf.xacro
[0.742s] -- Installing: /home/hephaestus/ros2_ws/src/diy_soft_gripper_description/install/diy_soft_gripper_description/share/diy_soft_gripper_description//urdf/diy_gripper_model.urdf.xacro
[0.742s] -- Installing: /home/hephaestus/ros2_ws/src/diy_soft_gripper_description/install/diy_soft_gripper_description/share/diy_soft_gripper_description//urdf/diy_gripper_transmissions.urdf.xacro
[0.742s] -- Installing: /home/hephaestus/ros2_ws/src/diy_soft_gripper_description/install/diy_soft_gripper_description/share/diy_soft_gripper_description//launch
[0.743s] -- Installing: /home/hephaestus/ros2_ws/src/diy_soft_gripper_description/install/diy_soft_gripper_description/share/diy_soft_gripper_description//launch/visualize.launch.py
[0.743s] -- Installing: /home/hephaestus/ros2_ws/src/diy_soft_gripper_description/install/diy_soft_gripper_description/share/diy_soft_gripper_description//meshes
[0.743s] -- Installing: /home/hephaestus/ros2_ws/src/diy_soft_gripper_description/install/diy_soft_gripper_description/share/ament_index/resource_index/package_run_dependencies/diy_soft_gripper_description
[0.744s] -- Installing: /home/hephaestus/ros2_ws/src/diy_soft_gripper_description/install/diy_soft_gripper_description/share/ament_index/resource_index/parent_prefix_path/diy_soft_gripper_description
[0.744s] -- Installing: /home/hephaestus/ros2_ws/src/diy_soft_gripper_description/install/diy_soft_gripper_description/share/diy_soft_gripper_description/environment/ament_prefix_path.sh
[0.745s] -- Installing: /home/hephaestus/ros2_ws/src/diy_soft_gripper_description/install/diy_soft_gripper_description/share/diy_soft_gripper_description/environment/ament_prefix_path.dsv
[0.745s] -- Installing: /home/hephaestus/ros2_ws/src/diy_soft_gripper_description/install/diy_soft_gripper_description/share/diy_soft_gripper_description/environment/path.sh
[0.746s] -- Installing: /home/hephaestus/ros2_ws/src/diy_soft_gripper_description/install/diy_soft_gripper_description/share/diy_soft_gripper_description/environment/path.dsv
[0.746s] -- Installing: /home/hephaestus/ros2_ws/src/diy_soft_gripper_description/install/diy_soft_gripper_description/share/diy_soft_gripper_description/local_setup.bash
[0.746s] -- Installing: /home/hephaestus/ros2_ws/src/diy_soft_gripper_description/install/diy_soft_gripper_description/share/diy_soft_gripper_description/local_setup.sh
[0.747s] -- Installing: /home/hephaestus/ros2_ws/src/diy_soft_gripper_description/install/diy_soft_gripper_description/share/diy_soft_gripper_description/local_setup.zsh
[0.747s] -- Installing: /home/hephaestus/ros2_ws/src/diy_soft_gripper_description/install/diy_soft_gripper_description/share/diy_soft_gripper_description/local_setup.dsv
[0.748s] -- Installing: /home/hephaestus/ros2_ws/src/diy_soft_gripper_description/install/diy_soft_gripper_description/share/diy_soft_gripper_description/package.dsv
[0.748s] -- Installing: /home/hephaestus/ros2_ws/src/diy_soft_gripper_description/install/diy_soft_gripper_description/share/ament_index/resource_index/packages/diy_soft_gripper_description
[0.749s] -- Installing: /home/hephaestus/ros2_ws/src/diy_soft_gripper_description/install/diy_soft_gripper_description/share/diy_soft_gripper_description/cmake/diy_soft_gripper_descriptionConfig.cmake
[0.749s] -- Installing: /home/hephaestus/ros2_ws/src/diy_soft_gripper_description/install/diy_soft_gripper_description/share/diy_soft_gripper_description/cmake/diy_soft_gripper_descriptionConfig-version.cmake
[0.749s] -- Installing: /home/hephaestus/ros2_ws/src/diy_soft_gripper_description/install/diy_soft_gripper_description/share/diy_soft_gripper_description/package.xml
[0.753s] Invoked command in '/home/hephaestus/ros2_ws/src/diy_soft_gripper_description/build/diy_soft_gripper_description' returned '0': CMAKE_PREFIX_PATH=/opt/ros/humble /usr/bin/cmake --install /home/hephaestus/ros2_ws/src/diy_soft_gripper_description/build/diy_soft_gripper_description
