[0.085s] Invoking command in '/home/hephaestus/ros2_ws/src/diy_soft_gripper_description/build/diy_soft_gripper_description': CMAKE_PREFIX_PATH=${CMAKE_PREFIX_PATH}:/opt/ros/humble /usr/bin/cmake --build /home/hephaestus/ros2_ws/src/diy_soft_gripper_description/build/diy_soft_gripper_description -- -j8 -l8
[0.135s] -- Found ament_cmake: 1.3.6 (/opt/ros/humble/share/ament_cmake/cmake)
[0.351s] -- Found xacro: 2.0.8 (/opt/ros/humble/share/xacro/cmake)
[0.351s] -- Found ament_lint_auto: 0.12.9 (/opt/ros/humble/share/ament_lint_auto/cmake)
[0.533s] -- Added test 'cppcheck' to perform static code analysis on C / C++ code
[0.534s] -- Configured cppcheck include dirs: 
[0.534s] -- Configured cppcheck exclude dirs and/or files: 
[0.539s] -- Added test 'flake8' to check Python code syntax and style conventions
[0.550s] -- Added test 'lint_cmake' to check CMake code style
[0.556s] -- Added test 'pep257' to check Python code against some of the docstring style conventions in PEP 257
[0.596s] -- Added test 'uncrustify' to check C / C++ code style
[0.596s] -- Configured uncrustify additional arguments: 
[0.602s] -- Added test 'xmllint' to check XML markup files
[0.603s] -- Configuring done
[0.608s] -- Generating done
[0.610s] -- Build files have been written to: /home/hephaestus/ros2_ws/src/diy_soft_gripper_description/build/diy_soft_gripper_description
[0.657s] Invoked command in '/home/hephaestus/ros2_ws/src/diy_soft_gripper_description/build/diy_soft_gripper_description' returned '0': CMAKE_PREFIX_PATH=${CMAKE_PREFIX_PATH}:/opt/ros/humble /usr/bin/cmake --build /home/hephaestus/ros2_ws/src/diy_soft_gripper_description/build/diy_soft_gripper_description -- -j8 -l8
[0.717s] Invoking command in '/home/hephaestus/ros2_ws/src/diy_soft_gripper_description/build/diy_soft_gripper_description': CMAKE_PREFIX_PATH=${CMAKE_PREFIX_PATH}:/opt/ros/humble /usr/bin/cmake --install /home/hephaestus/ros2_ws/src/diy_soft_gripper_description/build/diy_soft_gripper_description
[0.731s] -- Install configuration: ""
[0.731s] -- Up-to-date: /home/hephaestus/ros2_ws/src/diy_soft_gripper_description/install/diy_soft_gripper_description/share/diy_soft_gripper_description//urdf
[0.731s] -- Up-to-date: /home/hephaestus/ros2_ws/src/diy_soft_gripper_description/install/diy_soft_gripper_description/share/diy_soft_gripper_description//urdf/diy_gripper_macro.urdf.xacro
[0.732s] -- Up-to-date: /home/hephaestus/ros2_ws/src/diy_soft_gripper_description/install/diy_soft_gripper_description/share/diy_soft_gripper_description//urdf/materials.urdf.xacro
[0.732s] -- Up-to-date: /home/hephaestus/ros2_ws/src/diy_soft_gripper_description/install/diy_soft_gripper_description/share/diy_soft_gripper_description//urdf/diy_gripper_model.urdf.xacro
[0.732s] -- Up-to-date: /home/hephaestus/ros2_ws/src/diy_soft_gripper_description/install/diy_soft_gripper_description/share/diy_soft_gripper_description//urdf/diy_gripper_transmissions.urdf.xacro
[0.732s] -- Up-to-date: /home/hephaestus/ros2_ws/src/diy_soft_gripper_description/install/diy_soft_gripper_description/share/diy_soft_gripper_description//launch
[0.733s] -- Up-to-date: /home/hephaestus/ros2_ws/src/diy_soft_gripper_description/install/diy_soft_gripper_description/share/diy_soft_gripper_description//launch/visualize.launch.py
[0.733s] -- Up-to-date: /home/hephaestus/ros2_ws/src/diy_soft_gripper_description/install/diy_soft_gripper_description/share/diy_soft_gripper_description//meshes
[0.733s] -- Up-to-date: /home/hephaestus/ros2_ws/src/diy_soft_gripper_description/install/diy_soft_gripper_description/share/diy_soft_gripper_description//meshes/collision
[0.733s] -- Up-to-date: /home/hephaestus/ros2_ws/src/diy_soft_gripper_description/install/diy_soft_gripper_description/share/diy_soft_gripper_description//meshes/visual
[0.733s] -- Up-to-date: /home/hephaestus/ros2_ws/src/diy_soft_gripper_description/install/diy_soft_gripper_description/share/diy_soft_gripper_description//meshes/visual/base_link.stl
[0.734s] -- Up-to-date: /home/hephaestus/ros2_ws/src/diy_soft_gripper_description/install/diy_soft_gripper_description/share/diy_soft_gripper_description//meshes/visual/soft_finger.stl
[0.734s] -- Installing: /home/hephaestus/ros2_ws/src/diy_soft_gripper_description/install/diy_soft_gripper_description/share/diy_soft_gripper_description//rviz
[0.734s] -- Installing: /home/hephaestus/ros2_ws/src/diy_soft_gripper_description/install/diy_soft_gripper_description/share/diy_soft_gripper_description//rviz/rviz_config.rviz
[0.734s] -- Up-to-date: /home/hephaestus/ros2_ws/src/diy_soft_gripper_description/install/diy_soft_gripper_description/share/ament_index/resource_index/package_run_dependencies/diy_soft_gripper_description
[0.735s] -- Installing: /home/hephaestus/ros2_ws/src/diy_soft_gripper_description/install/diy_soft_gripper_description/share/ament_index/resource_index/parent_prefix_path/diy_soft_gripper_description
[0.735s] -- Up-to-date: /home/hephaestus/ros2_ws/src/diy_soft_gripper_description/install/diy_soft_gripper_description/share/diy_soft_gripper_description/environment/ament_prefix_path.sh
[0.735s] -- Installing: /home/hephaestus/ros2_ws/src/diy_soft_gripper_description/install/diy_soft_gripper_description/share/diy_soft_gripper_description/environment/ament_prefix_path.dsv
[0.735s] -- Up-to-date: /home/hephaestus/ros2_ws/src/diy_soft_gripper_description/install/diy_soft_gripper_description/share/diy_soft_gripper_description/environment/path.sh
[0.736s] -- Installing: /home/hephaestus/ros2_ws/src/diy_soft_gripper_description/install/diy_soft_gripper_description/share/diy_soft_gripper_description/environment/path.dsv
[0.736s] -- Up-to-date: /home/hephaestus/ros2_ws/src/diy_soft_gripper_description/install/diy_soft_gripper_description/share/diy_soft_gripper_description/local_setup.bash
[0.736s] -- Up-to-date: /home/hephaestus/ros2_ws/src/diy_soft_gripper_description/install/diy_soft_gripper_description/share/diy_soft_gripper_description/local_setup.sh
[0.736s] -- Up-to-date: /home/hephaestus/ros2_ws/src/diy_soft_gripper_description/install/diy_soft_gripper_description/share/diy_soft_gripper_description/local_setup.zsh
[0.736s] -- Installing: /home/hephaestus/ros2_ws/src/diy_soft_gripper_description/install/diy_soft_gripper_description/share/diy_soft_gripper_description/local_setup.dsv
[0.736s] -- Installing: /home/hephaestus/ros2_ws/src/diy_soft_gripper_description/install/diy_soft_gripper_description/share/diy_soft_gripper_description/package.dsv
[0.737s] -- Up-to-date: /home/hephaestus/ros2_ws/src/diy_soft_gripper_description/install/diy_soft_gripper_description/share/ament_index/resource_index/packages/diy_soft_gripper_description
[0.737s] -- Up-to-date: /home/hephaestus/ros2_ws/src/diy_soft_gripper_description/install/diy_soft_gripper_description/share/diy_soft_gripper_description/cmake/diy_soft_gripper_descriptionConfig.cmake
[0.737s] -- Up-to-date: /home/hephaestus/ros2_ws/src/diy_soft_gripper_description/install/diy_soft_gripper_description/share/diy_soft_gripper_description/cmake/diy_soft_gripper_descriptionConfig-version.cmake
[0.737s] -- Up-to-date: /home/hephaestus/ros2_ws/src/diy_soft_gripper_description/install/diy_soft_gripper_description/share/diy_soft_gripper_description/package.xml
[0.739s] Invoked command in '/home/hephaestus/ros2_ws/src/diy_soft_gripper_description/build/diy_soft_gripper_description' returned '0': CMAKE_PREFIX_PATH=${CMAKE_PREFIX_PATH}:/opt/ros/humble /usr/bin/cmake --install /home/hephaestus/ros2_ws/src/diy_soft_gripper_description/build/diy_soft_gripper_description
